[LOG] System::create                           : Header version = 2.01.11. Current version = 2.01.11.
[LOG] Manager::init                            : maxchannels = 256 studioflags = 00000006 flags 00000000 extradriverdata 0000000000000000.
[LOG] SystemI::init                            : Initialize version=20111 (118066), maxchannels=256, flags=0x00020000
[LOG] SystemI::setOutputInternal               : Setting output to 'FMOD WASAPI Output'
[LOG] OutputWASAPI::init                       : Mix Format (WAVEFORMATEX): wFormatTag=0xFFFE, nChannels=2, nSamplesPerSec=48000, nAvgBytesPerSec=384000, nBlockAlign=8, wBitsPerSample=32, cbSize=22.
[LOG] OutputWASAPI::init                       : Mix Format (WAVEFORMATEXTENSIBLE): wValidBitsPerSample=32, dwChannelMask=0x00000003, SubFormat=00000003-0000-0010-8000-00AA00389B71.
[LOG] OutputWASAPI::init                       : Output buffer size: 4096 samples, latency: 0.00ms, period: 10.00ms, DSP buffer: 1024 * 4
[LOG] Thread::initThread                       : Init FMOD stream thread. Affinity: 0x8000000000000003, Priority: 0xFFFF7FFB, Stack Size: 98304, Semaphore: No, Sleep Time: 10, Looping: Yes.
[LOG] Thread::initThread                       : Init FMOD mixer thread. Affinity: 0x8000000000000001, Priority: 0xFFFF7FFA, Stack Size: 81920, Semaphore: No, Sleep Time: 0, Looping: Yes.
[LOG] AsyncManager::init                       : manager 00000205B1AB5618 isAsync 0 updatePeriod 0.02
[LOG] AsyncManager::init                       : done
[LOG] PlaybackSystem::init                     : 
[LOG] Thread::initThread                       : Init FMOD Studio sample load thread. Affinity: 0x8000000000000003, Priority: 0xFFFF7FFD, Stack Size: 98304, Semaphore: No, Sleep Time: 1, Looping: No.
[LOG] PlaybackSystem::init                     : done
[LOG] Thread::initThread                       : Init FMOD Studio bank load thread. Affinity: 0x8000000000000003, Priority: 0xFFFF7FFD, Stack Size: 98304, Semaphore: No, Sleep Time: 1, Looping: No.
[LOG] Manager::init                            : done.
[LOG] Manager::readBank                        : fileversion = 135, compatVersion = 132 (oldest = 44, newest = 135)
[LOG] Manager::readBank                        : fileversion = 135, compatVersion = 132 (oldest = 44, newest = 135)
[LOG] Manager::readBank                        : fileversion = 135, compatVersion = 132 (oldest = 44, newest = 135)
[LOG] PlaybackSystem::acquireMasterBus         : Setting master channel group format to 6
[LOG] SystemI::createSound                     : filename = ../../../FMOD Studio/IM_Project_Sound_New/Build/Desktop/Ambiance.bank : mode 02010082
[LOG] SystemI::createSound                     : FMOD_NONBLOCKING specified.  Putting into queue to be opened asynchronously!
[LOG] SystemI::createSound                     : setdata soundi = 0000020394C9D5D8 : node = 00000205DAA81B10
[LOG] SystemI::createSound                     : add node to async list : head = 00000205DB6EE558.  list count = 0
[LOG] AsyncThread::threadFunc                  : Starting Asynchronous operation on sound 0000020394C9D5D8
[LOG] SystemI::createSoundInternal             :     Create name='../../../FMOD Studio/IM_Project_Sound_New/Build/Desktop/Ambiance.bank', mode=0x02010082
[LOG] SystemI::createSoundInternal             :     exinfo->cbsize             = 224
[LOG] SystemI::createSoundInternal             :     exinfo->length             = 2059264
[LOG] SystemI::createSoundInternal             :     exinfo->fileoffset         = 8320
[LOG] SystemI::createSoundInternal             :     exinfo->numsubsounds       = 1
[LOG] SystemI::createSoundInternal             :     exinfo->inclusionlist      = 00000205DAA81C20
[LOG] SystemI::createSoundInternal             :     exinfo->inclusionlistnum   = 1
[LOG] SystemI::createSoundInternal             :     exinfo->suggestedsoundtype = 5
[LOG] SystemI::createSoundInternal             :     exinfo->initialseekposition = 65000
[LOG] SystemI::createSoundInternal             :     exinfo->initialseekpostype = 1
[LOG] SystemI::createSoundInternal             :     Stream 0/1: name='Background_Rumble', format=5, channels=2, frequency=48000, lengthbytes=977280, lengthpcm=3617317, pcmblocksize=0, loopstart=56, loopend=3617316, mode=0x00000000, channelmask=0x00000000, channelorder=0, peakvolume=0.546186.
[LOG] AsyncThread::threadFunc                  : Finished Asynchronous operation on sound 0000020394C9D5D8
[LOG] SystemI::createSound                     : filename = ../../../FMOD Studio/IM_Project_Sound_New/Build/Desktop/Ambiance.bank : mode 02010082
[LOG] SystemI::createSound                     : FMOD_NONBLOCKING specified.  Putting into queue to be opened asynchronously!
[LOG] SystemI::createSound                     : setdata soundi = 0000020384FAE288 : node = 00000205B090C340
[LOG] SystemI::createSound                     : add node to async list : head = 00000205DB6EE558.  list count = 0
[LOG] AsyncThread::threadFunc                  : Starting Asynchronous operation on sound 0000020384FAE288
[LOG] SystemI::createSoundInternal             :     Create name='../../../FMOD Studio/IM_Project_Sound_New/Build/Desktop/Ambiance.bank', mode=0x02010082
[LOG] SystemI::createSoundInternal             :     exinfo->cbsize             = 224
[LOG] SystemI::createSoundInternal             :     exinfo->length             = 2059264
[LOG] SystemI::createSoundInternal             :     exinfo->fileoffset         = 8320
[LOG] SystemI::createSoundInternal             :     exinfo->numsubsounds       = 1
[LOG] SystemI::createSoundInternal             :     exinfo->inclusionlist      = 00000205B090C450
[LOG] SystemI::createSoundInternal             :     exinfo->inclusionlistnum   = 1
[LOG] SystemI::createSoundInternal             :     exinfo->suggestedsoundtype = 5
[LOG] SystemI::createSoundInternal             :     exinfo->initialseekpostype = 1
[LOG] SystemI::createSoundInternal             :     Stream 0/1: name='Background_Rumble', format=5, channels=2, frequency=48000, lengthbytes=977280, lengthpcm=3617317, pcmblocksize=0, loopstart=56, loopend=3617316, mode=0x00000000, channelmask=0x00000000, channelorder=0, peakvolume=0.546186.
[LOG] AsyncThread::threadFunc                  : Finished Asynchronous operation on sound 0000020384FAE288
[LOG] AsyncThread::threadFunc                  : Starting Asynchronous operation on sound 0000020394CF3D68
[LOG] AsyncThread::threadFunc                  : Finished Asynchronous operation on sound 0000020394CF3D68
[LOG] AsyncThread::threadFunc                  : Starting Asynchronous operation on sound 0000020394CF3D68
[LOG] AsyncThread::threadFunc                  : Finished Asynchronous operation on sound 0000020394CF3D68
[LOG] SoundI::release                          : Background_Rumble (0000020394C9D5D8)
[LOG] SoundI::release                          :     Background_Rumble (0000020394A54978)
[LOG] SoundI::release                          :     Background_Rumble (00000206824D9AB8)
[LOG] SystemI::createSound                     : filename = ../../../FMOD Studio/IM_Project_Sound_New/Build/Desktop/Ambiance.bank : mode 02010082
[LOG] SystemI::createSound                     : FMOD_NONBLOCKING specified.  Putting into queue to be opened asynchronously!
[LOG] SystemI::createSound                     : setdata soundi = 00000205DC0DD608 : node = 000002038843C400
[LOG] SystemI::createSound                     : add node to async list : head = 00000205DB6EE558.  list count = 0
[LOG] AsyncThread::threadFunc                  : Starting Asynchronous operation on sound 00000205DC0DD608
[LOG] SystemI::createSoundInternal             :     Create name='../../../FMOD Studio/IM_Project_Sound_New/Build/Desktop/Ambiance.bank', mode=0x02010082
[LOG] SystemI::createSoundInternal             :     exinfo->cbsize             = 224
[LOG] SystemI::createSoundInternal             :     exinfo->length             = 2059264
[LOG] SystemI::createSoundInternal             :     exinfo->fileoffset         = 8320
[LOG] SystemI::createSoundInternal             :     exinfo->numsubsounds       = 1
[LOG] SystemI::createSoundInternal             :     exinfo->inclusionlist      = 000002038843C510
[LOG] SystemI::createSoundInternal             :     exinfo->inclusionlistnum   = 1
[LOG] SystemI::createSoundInternal             :     exinfo->suggestedsoundtype = 5
[LOG] SystemI::createSoundInternal             :     exinfo->initialseekpostype = 1
[LOG] SystemI::createSoundInternal             :     Stream 0/1: name='background_noises', format=5, channels=2, frequency=48000, lengthbytes=859328, lengthpcm=3938823, pcmblocksize=0, loopstart=0, loopend=3501175, mode=0x00000000, channelmask=0x00000000, channelorder=0, peakvolume=0.036102.
[LOG] AsyncThread::threadFunc                  : Finished Asynchronous operation on sound 00000205DC0DD608
[LOG] AsyncThread::threadFunc                  : Starting Asynchronous operation on sound 00000206A04919F8
[LOG] AsyncThread::threadFunc                  : Finished Asynchronous operation on sound 00000206A04919F8
[LOG] SoundI::release                          : background_noises (0000020384FAD358)
[LOG] SoundI::release                          :     background_noises (0000020394A40138)
[LOG] SoundI::release                          :     background_noises (0000020394C9D428)
[LOG] SystemI::createSound                     : filename = ../../../FMOD Studio/IM_Project_Sound_New/Build/Desktop/Ambiance.bank : mode 02010082
[LOG] SystemI::createSound                     : FMOD_NONBLOCKING specified.  Putting into queue to be opened asynchronously!
[LOG] SystemI::createSound                     : setdata soundi = 00000205DC0DDCC8 : node = 000002038843C180
[LOG] SystemI::createSound                     : add node to async list : head = 00000205DB6EE558.  list count = 0
[LOG] SystemI::createSound                     : filename = ../../../FMOD Studio/IM_Project_Sound_New/Build/Desktop/Ambiance.bank : mode 02010082
[LOG] AsyncThread::threadFunc                  : Starting Asynchronous operation on sound 00000205DC0DDCC8
[LOG] SystemI::createSound                     : FMOD_NONBLOCKING specified.  Putting into queue to be opened asynchronously!
[LOG] SystemI::createSoundInternal             :     Create name='../../../FMOD Studio/IM_Project_Sound_New/Build/Desktop/Ambiance.bank', mode=0x02010082
[LOG] SystemI::createSoundInternal             :     exinfo->cbsize             = 224
[LOG] SystemI::createSound                     :     setdata soundi = 00000205DC0DD968 : node = 000002038843C680
[LOG] SystemI::createSoundInternal             :     exinfo->length             = 2059264
[LOG] SystemI::createSound                     :     add node to async list : head = 00000205DB6EE558.  list count = 0
[LOG] SystemI::createSoundInternal             :     exinfo->fileoffset         = 8320
[LOG] SystemI::createSoundInternal             :     exinfo->numsubsounds       = 1
[LOG] SystemI::createSoundInternal             :     exinfo->inclusionlist      = 000002038843C290
[LOG] SystemI::createSoundInternal             :     exinfo->inclusionlistnum   = 1
[LOG] SystemI::createSoundInternal             :     exinfo->suggestedsoundtype = 5
[LOG] SystemI::createSoundInternal             :     exinfo->initialseekpostype = 1
[LOG] SystemI::createSoundInternal             :     Stream 0/1: name='Background_Hum', format=5, channels=2, frequency=48000, lengthbytes=220992, lengthpcm=1053108, pcmblocksize=0, loopstart=0, loopend=0, mode=0x00000000, channelmask=0x00000000, channelorder=0, peakvolume=0.099052.
[LOG] AsyncThread::threadFunc                  : Finished Asynchronous operation on sound 00000205DC0DDCC8
[LOG] AsyncThread::threadFunc                  : Starting Asynchronous operation on sound 00000205DC0DD968
[LOG] SystemI::createSoundInternal             :     Create name='../../../FMOD Studio/IM_Project_Sound_New/Build/Desktop/Ambiance.bank', mode=0x02010082
[LOG] SystemI::createSoundInternal             :     exinfo->cbsize             = 224
[LOG] SystemI::createSoundInternal             :     exinfo->length             = 2059264
[LOG] SystemI::createSoundInternal             :     exinfo->fileoffset         = 8320
[LOG] SystemI::createSoundInternal             :     exinfo->numsubsounds       = 1
[LOG] SystemI::createSoundInternal             :     exinfo->inclusionlist      = 000002038843C790
[LOG] SystemI::createSoundInternal             :     exinfo->inclusionlistnum   = 1
[LOG] SystemI::createSoundInternal             :     exinfo->suggestedsoundtype = 5
[LOG] SystemI::createSoundInternal             :     exinfo->initialseekposition = 25000
[LOG] SystemI::createSoundInternal             :     exinfo->initialseekpostype = 1
[LOG] SystemI::createSoundInternal             :     Stream 0/1: name='Background_Rumble', format=5, channels=2, frequency=48000, lengthbytes=977280, lengthpcm=3617317, pcmblocksize=0, loopstart=56, loopend=3617316, mode=0x00000000, channelmask=0x00000000, channelorder=0, peakvolume=0.546186.
[LOG] AsyncThread::threadFunc                  : Finished Asynchronous operation on sound 00000205DC0DD968
[LOG] AsyncThread::threadFunc                  : Starting Asynchronous operation on sound 00000206A0491188
[LOG] AsyncThread::threadFunc                  : Finished Asynchronous operation on sound 00000206A0491188
[LOG] SoundI::release                          : Background_Rumble (0000020384FAE288)
[LOG] SoundI::release                          :     Background_Rumble (0000020394A55E98)
[LOG] SoundI::release                          :     Background_Rumble (0000020394CF3D68)
[LOG] SoundI::release                          : Background_Rumble (00000205DC0DD968)
[LOG] SoundI::release                          :     Background_Rumble (0000020394A40138)
[LOG] SoundI::release                          :     Background_Rumble (00000206A0491338)
[LOG] SystemI::createSound                     : filename = ../../../FMOD Studio/IM_Project_Sound_New/Build/Desktop/Ambiance.bank : mode 02010082
[LOG] SystemI::createSound                     : FMOD_NONBLOCKING specified.  Putting into queue to be opened asynchronously!
[LOG] SystemI::createSound                     : setdata soundi = 00000205DC0DD2A8 : node = 000002038843BA00
[LOG] SystemI::createSound                     : add node to async list : head = 00000205DB6EE558.  list count = 0
[LOG] AsyncThread::threadFunc                  : Starting Asynchronous operation on sound 00000205DC0DD2A8
[LOG] SystemI::createSoundInternal             :     Create name='../../../FMOD Studio/IM_Project_Sound_New/Build/Desktop/Ambiance.bank', mode=0x02010082
[LOG] SystemI::createSoundInternal             :     exinfo->cbsize             = 224
[LOG] SystemI::createSoundInternal             :     exinfo->length             = 2059264
[LOG] SystemI::createSoundInternal             :     exinfo->fileoffset         = 8320
[LOG] SystemI::createSoundInternal             :     exinfo->numsubsounds       = 1
[LOG] SystemI::createSoundInternal             :     exinfo->inclusionlist      = 000002038843BB10
[LOG] SystemI::createSoundInternal             :     exinfo->inclusionlistnum   = 1
[LOG] SystemI::createSoundInternal             :     exinfo->suggestedsoundtype = 5
[LOG] SystemI::createSoundInternal             :     exinfo->initialseekpostype = 1
[LOG] SystemI::createSoundInternal             :     Stream 0/1: name='Background_Hum', format=5, channels=2, frequency=48000, lengthbytes=220992, lengthpcm=1053108, pcmblocksize=0, loopstart=0, loopend=0, mode=0x00000000, channelmask=0x00000000, channelorder=0, peakvolume=0.099052.
[LOG] AsyncThread::threadFunc                  : Finished Asynchronous operation on sound 00000205DC0DD2A8
[LOG] SoundI::release                          : Background_Hum (00000205DC0DDCC8)
[LOG] SoundI::release                          :     Background_Hum (0000020394A417F8)
[LOG] SoundI::release                          :     Background_Hum (00000206A0491188)
[LOG] SystemI::createSound                     : filename = ../../../FMOD Studio/IM_Project_Sound_New/Build/Desktop/Ambiance.bank : mode 02010082
[LOG] SystemI::createSound                     : FMOD_NONBLOCKING specified.  Putting into queue to be opened asynchronously!
[LOG] SystemI::createSound                     : setdata soundi = 0000020394C9D428 : node = 00000205DAA81B10
[LOG] SystemI::createSound                     : add node to async list : head = 00000205DB6EE558.  list count = 0
[LOG] AsyncThread::threadFunc                  : Starting Asynchronous operation on sound 0000020394C9D428
[LOG] SystemI::createSoundInternal             :     Create name='../../../FMOD Studio/IM_Project_Sound_New/Build/Desktop/Ambiance.bank', mode=0x02010082
[LOG] SystemI::createSoundInternal             :     exinfo->cbsize             = 224
[LOG] SystemI::createSoundInternal             :     exinfo->length             = 2059264
[LOG] SystemI::createSoundInternal             :     exinfo->fileoffset         = 8320
[LOG] SystemI::createSoundInternal             :     exinfo->numsubsounds       = 1
[LOG] SystemI::createSoundInternal             :     exinfo->inclusionlist      = 00000205DAA81C20
[LOG] SystemI::createSoundInternal             :     exinfo->inclusionlistnum   = 1
[LOG] SystemI::createSoundInternal             :     exinfo->suggestedsoundtype = 5
[LOG] SystemI::createSoundInternal             :     exinfo->initialseekpostype = 1
[LOG] SystemI::createSoundInternal             :     Stream 0/1: name='Background_Hum', format=5, channels=2, frequency=48000, lengthbytes=220992, lengthpcm=1053108, pcmblocksize=0, loopstart=0, loopend=0, mode=0x00000000, channelmask=0x00000000, channelorder=0, peakvolume=0.099052.
[LOG] AsyncThread::threadFunc                  : Finished Asynchronous operation on sound 0000020394C9D428
[LOG] SoundI::release                          : Background_Hum (00000205DC0DD2A8)
[LOG] SoundI::release                          :     Background_Hum (0000020394A40138)
[LOG] SoundI::release                          :     Background_Hum (00000206A0490C78)
[LOG] SoundI::release                          : Background_Hum (0000020394C9D428)
[LOG] SoundI::release                          :     Background_Hum (0000020394A40618)
[LOG] SoundI::release                          :     Background_Hum (00000206A0490FD8)
[LOG] SoundI::release                          : background_noises (00000205DC0DD608)
[LOG] SoundI::release                          :     background_noises (0000020394A52A98)
[LOG] SoundI::release                          :     background_noises (00000206A04919F8)
[LOG] SoundI::release                          :  (0000020387BF2598)
[LOG] SoundI::release                          :     Fence_Open (0000020394A407B8)
[LOG] SoundI::release                          :  (0000020387BF2FA8)
[LOG] SoundI::release                          :     Key_PickUp_Sound (0000020394A40478)
[LOG] Thread::callback                         : FMOD Studio update thread finished.
[LOG] Thread::callback                         : FMOD Studio bank load thread finished.
[LOG] Profile::disconnectAll                   : Profiler disconnecting all clients
[LOG] Thread::callback                         : FMOD Studio sample load thread finished.
[LOG] LiveUpdate::release                      : 
[LOG] LiveUpdate::reset                        : Reset connection (reason Disconnected)
[LOG] Thread::callback                         : FMOD stream thread finished.
[LOG] Thread::callback                         : FMOD mixer thread finished.
[LOG] Profile::disconnectAll                   : Profiler disconnecting all clients
[LOG] SystemI::close                           : Closed.
